[35m[Appium][39m Welcome to Appium v1.22.3
[35m[Appium][39m Non-default server args:
[35m[Appium][39m   port: 59056
[35m[Appium][39m   loglevel: info
[35m[Appium][39m   tmpDir: C:\Users\Laptop\AppData\Local\Temp\\Katalon\Appium\Temp1685542911581
[35m[Appium][39m   chromedriverPort: 59057
[35m[Appium][39m Deprecated server args:
[35m[Appium][39m   [31m--chromedriver-port[39m => --default-capabilities
[35m[Appium][39m Default capabilities, which will be added to each request unless overridden by desired capabilities:
[35m[Appium][39m   chromedriverPort: 59057
[35m[Appium][39m Appium REST http interface listener started on 0.0.0.0:59056
[35m[HTTP][39m [37m-->[39m [37mGET[39m [37m/wd/hub/status[39m
[35m[HTTP][39m [90m{}[39m
[35m[HTTP][39m [37m<-- GET /wd/hub/status [39m[32m200[39m [90m16 ms - 68[39m
[35m[HTTP][39m [90m[39m
[35m[HTTP][39m [37m-->[39m [37mGET[39m [37m/wd/hub/status[39m
[35m[HTTP][39m [90m{}[39m
[35m[HTTP][39m [37m<-- GET /wd/hub/status [39m[32m200[39m [90m3 ms - 68[39m
[35m[HTTP][39m [90m[39m
[35m[HTTP][39m [37m-->[39m [37mPOST[39m [37m/wd/hub/session[39m
[35m[HTTP][39m [90m{"desiredCapabilities":{"appActivity":".Settings","appPackage":"com.android.settings","newCommandTimeout":1800,"platformVersion":"10","automationName":"uiautomator2","autoGrantPermissions":true,"platformName":"Android","udid":"06119250BR001404","deviceName":"INFINIX MOBILITY LIMITED Infinix X682C (Android 10)","platform":"ANDROID","systemPort":8277},"capabilities":{"firstMatch":[{"appium:appActivity":".Settings","appium:appPackage":"com.android.settings","appium:autoGrantPermissions":true,"appium:automationName":"uiautomator2","appium:deviceName":"INFINIX MOBILITY LIMITED Infinix X682C (Android 10)","appium:newCommandTimeout":1800,"platform":"ANDROID","platformName":"android","appium:platformVersion":"10","appium:systemPort":8277,"appium:udid":"06119250BR001404"}]}}[39m
[35m[BaseDriver][39m The following capabilities are not standard capabilities and should have an extension prefix:
[35m[BaseDriver][39m   platform
[35m[BaseDriver][39m   chromedriverPort
[35m[Appium][39m Appium v1.22.3 creating new AndroidUiautomator2Driver (v1.70.1) session
[35m[BaseDriver][39m The following capabilities were provided, but are not recognized by Appium:
[35m[BaseDriver][39m   platform
[35m[BaseDriver][39m Session created with session id: 8eebb736-b138-45b5-bb2f-9998ee53d206
[35m[UiAutomator2][39m Starting 'com.android.settings' directly on the device
[35m[ADB][39m Found 1 'build-tools' folders under 'C:\Users\Laptop\.katalon\tools\android_sdk' (newest first):
[35m[ADB][39m     C:/Users/Laptop/.katalon/tools/android_sdk/build-tools/29.0.3
[35m[ADB][39m Using 'adb.exe' from 'C:\Users\Laptop\.katalon\tools\android_sdk\platform-tools\adb.exe'
[35m[AndroidDriver][39m Retrieving device list
[35m[AndroidDriver][39m Using device: 06119250BR001404
[35m[ADB][39m Using 'adb.exe' from 'C:\Users\Laptop\.katalon\tools\android_sdk\platform-tools\adb.exe'
[35m[ADB][39m Getting device platform version
[35m[UiAutomator2][39m Relaxing hidden api policy
[35m[AndroidDriver][39m No app sent in, not parsing package/activity
[35m[ADB][39m Using 'apksigner.jar' from 'C:\Users\Laptop\.katalon\tools\android_sdk\build-tools\29.0.3\lib\apksigner.jar'
[35m[ADB][39m 'C:\Users\Laptop\AppData\Roaming\npm\node_modules\appium\node_modules\appium-uiautomator2-server\apks\appium-uiautomator2-server-v4.27.0.apk' is signed with the default certificate
[35m[ADB][39m 'C:\Users\Laptop\AppData\Roaming\npm\node_modules\appium\node_modules\appium-uiautomator2-server\apks\appium-uiautomator2-server-debug-androidTest.apk' is signed with the default certificate
[35m[UiAutomator2][39m Server packages are not going to be (re)installed
[35m[ADB][39m Adding packages ["io.appium.settings","io.appium.uiautomator2.server","io.appium.uiautomator2.server.test"] to Doze whitelist
[35m[UiAutomator2][39m Starting UIAutomator2 server 4.27.0
[35m[UiAutomator2][39m Using UIAutomator2 server from 'C:\Users\Laptop\AppData\Roaming\npm\node_modules\appium\node_modules\appium-uiautomator2-server\apks\appium-uiautomator2-server-v4.27.0.apk' and test from 'C:\Users\Laptop\AppData\Roaming\npm\node_modules\appium\node_modules\appium-uiautomator2-server\apks\appium-uiautomator2-server-debug-androidTest.apk'
[35m[UiAutomator2][39m Waiting up to 30000ms for UiAutomator2 to be online...
[35m[WD Proxy][39m socket hang up
[35m[WD Proxy][39m socket hang up
[35m[WD Proxy][39m socket hang up
[35m[WD Proxy][39m Determined the downstream protocol as 'W3C'
[35m[AndroidDriver][39m Screen already unlocked, doing nothing
[35m[UiAutomator2][39m Starting 'com.android.settings/.Settings and waiting for 'com.android.settings/.Settings'
[35m[Appium][39m New AndroidUiautomator2Driver session created successfully, session 8eebb736-b138-45b5-bb2f-9998ee53d206 added to master session list
[35m[HTTP][39m [37m<-- POST /wd/hub/session [39m[32m200[39m [90m11572 ms - 1216[39m
[35m[HTTP][39m [90m[39m
[35m[HTTP][39m [37m-->[39m [37mGET[39m [37m/wd/hub/session/8eebb736-b138-45b5-bb2f-9998ee53d206[39m
[35m[HTTP][39m [90m{}[39m
[35m[HTTP][39m [37m<-- GET /wd/hub/session/8eebb736-b138-45b5-bb2f-9998ee53d206 [39m[32m200[39m [90m22 ms - 1170[39m
[35m[HTTP][39m [90m[39m
[35m[HTTP][39m [37m-->[39m [37mGET[39m [37m/wd/hub/session/8eebb736-b138-45b5-bb2f-9998ee53d206[39m
[35m[HTTP][39m [90m{}[39m
[35m[HTTP][39m [37m<-- GET /wd/hub/session/8eebb736-b138-45b5-bb2f-9998ee53d206 [39m[32m200[39m [90m31 ms - 1170[39m
[35m[HTTP][39m [90m[39m
[35m[HTTP][39m [37m-->[39m [37mGET[39m [37m/wd/hub/status[39m
[35m[HTTP][39m [90m{}[39m
[35m[HTTP][39m [37m<-- GET /wd/hub/status [39m[32m200[39m [90m4 ms - 68[39m
[35m[HTTP][39m [90m[39m
[35m[HTTP][39m [37m-->[39m [37mPOST[39m [37m/wd/hub/session/8eebb736-b138-45b5-bb2f-9998ee53d206/timeouts[39m
[35m[HTTP][39m [90m{"implicit":60000}[39m
[35m[HTTP][39m [37m<-- POST /wd/hub/session/8eebb736-b138-45b5-bb2f-9998ee53d206/timeouts [39m[32m200[39m [90m7 ms - 14[39m
[35m[HTTP][39m [90m[39m
[35m[HTTP][39m [37m-->[39m [37mGET[39m [37m/wd/hub/session/8eebb736-b138-45b5-bb2f-9998ee53d206/screenshot[39m
[35m[HTTP][39m [90m{}[39m
[35m[HTTP][39m [37m<-- GET /wd/hub/session/8eebb736-b138-45b5-bb2f-9998ee53d206/screenshot [39m[32m200[39m [90m359 ms - 22564[39m
[35m[HTTP][39m [90m[39m
[35m[HTTP][39m [37m-->[39m [37mGET[39m [37m/wd/hub/session/8eebb736-b138-45b5-bb2f-9998ee53d206/window/rect[39m
[35m[HTTP][39m [90m{}[39m
[35m[HTTP][39m [37m<-- GET /wd/hub/session/8eebb736-b138-45b5-bb2f-9998ee53d206/window/rect [39m[32m200[39m [90m37 ms - 49[39m
[35m[HTTP][39m [90m[39m
[35m[HTTP][39m [37m-->[39m [37mGET[39m [37m/wd/hub/session/8eebb736-b138-45b5-bb2f-9998ee53d206/appium/device/system_bars[39m
[35m[HTTP][39m [90m{}[39m
[35m[HTTP][39m [37m<-- GET /wd/hub/session/8eebb736-b138-45b5-bb2f-9998ee53d206/appium/device/system_bars [39m[32m200[39m [90m133 ms - 145[39m
[35m[HTTP][39m [90m[39m
[35m[HTTP][39m [37m-->[39m [37mPOST[39m [37m/wd/hub/session/8eebb736-b138-45b5-bb2f-9998ee53d206/appium/device/activate_app[39m
[35m[HTTP][39m [90m{"bundleId":"com.ecwid.ShopAt.HappyDayShopping"}[39m
[35m[HTTP][39m [37m<-- POST /wd/hub/session/8eebb736-b138-45b5-bb2f-9998ee53d206/appium/device/activate_app [39m[32m200[39m [90m472 ms - 14[39m
[35m[HTTP][39m [90m[39m
[35m[HTTP][39m [37m-->[39m [37mGET[39m [37m/wd/hub/session/8eebb736-b138-45b5-bb2f-9998ee53d206/source[39m
[35m[HTTP][39m [90m{}[39m
[35m[W3C (8eebb736)][39m Driver proxy active, passing request on via HTTP proxy
[35m[WD Proxy][39m Replacing sessionId 43182f23-ca4c-48aa-aee2-058407a408e7 with 8eebb736-b138-45b5-bb2f-9998ee53d206
[35m[HTTP][39m [37m<-- GET /wd/hub/session/8eebb736-b138-45b5-bb2f-9998ee53d206/source [39m[32m200[39m [90m1226 ms - 25433[39m
[35m[HTTP][39m [90m[39m
[35m[HTTP][39m [37m-->[39m [37mGET[39m [37m/wd/hub/session/8eebb736-b138-45b5-bb2f-9998ee53d206/screenshot[39m
[35m[HTTP][39m [90m{}[39m
[35m[HTTP][39m [37m<-- GET /wd/hub/session/8eebb736-b138-45b5-bb2f-9998ee53d206/screenshot [39m[32m200[39m [90m549 ms - 82554[39m
[35m[HTTP][39m [90m[39m
[35m[HTTP][39m [37m-->[39m [37mGET[39m [37m/wd/hub/session/8eebb736-b138-45b5-bb2f-9998ee53d206/source[39m
[35m[HTTP][39m [90m{}[39m
[35m[W3C (8eebb736)][39m Driver proxy active, passing request on via HTTP proxy
[35m[WD Proxy][39m Replacing sessionId 43182f23-ca4c-48aa-aee2-058407a408e7 with 8eebb736-b138-45b5-bb2f-9998ee53d206
[35m[HTTP][39m [37m<-- GET /wd/hub/session/8eebb736-b138-45b5-bb2f-9998ee53d206/source [39m[32m200[39m [90m565 ms - 13700[39m
[35m[HTTP][39m [90m[39m
[35m[HTTP][39m [37m-->[39m [37mGET[39m [37m/wd/hub/session/8eebb736-b138-45b5-bb2f-9998ee53d206/screenshot[39m
[35m[HTTP][39m [90m{}[39m
[35m[HTTP][39m [37m<-- GET /wd/hub/session/8eebb736-b138-45b5-bb2f-9998ee53d206/screenshot [39m[32m200[39m [90m690 ms - 531858[39m
[35m[HTTP][39m [90m[39m
[35m[HTTP][39m [37m-->[39m [37mGET[39m [37m/wd/hub/session/8eebb736-b138-45b5-bb2f-9998ee53d206/source[39m
[35m[HTTP][39m [90m{}[39m
[35m[W3C (8eebb736)][39m Driver proxy active, passing request on via HTTP proxy
[35m[WD Proxy][39m Replacing sessionId 43182f23-ca4c-48aa-aee2-058407a408e7 with 8eebb736-b138-45b5-bb2f-9998ee53d206
[35m[HTTP][39m [37m<-- GET /wd/hub/session/8eebb736-b138-45b5-bb2f-9998ee53d206/source [39m[32m200[39m [90m96 ms - 13262[39m
[35m[HTTP][39m [90m[39m
[35m[HTTP][39m [37m-->[39m [37mGET[39m [37m/wd/hub/session/8eebb736-b138-45b5-bb2f-9998ee53d206/screenshot[39m
[35m[HTTP][39m [90m{}[39m
[35m[HTTP][39m [37m<-- GET /wd/hub/session/8eebb736-b138-45b5-bb2f-9998ee53d206/screenshot [39m[32m200[39m [90m501 ms - 502312[39m
[35m[HTTP][39m [90m[39m
[35m[HTTP][39m [37m-->[39m [37mGET[39m [37m/wd/hub/session/8eebb736-b138-45b5-bb2f-9998ee53d206/source[39m
[35m[HTTP][39m [90m{}[39m
[35m[W3C (8eebb736)][39m Driver proxy active, passing request on via HTTP proxy
[35m[WD Proxy][39m Replacing sessionId 43182f23-ca4c-48aa-aee2-058407a408e7 with 8eebb736-b138-45b5-bb2f-9998ee53d206
[35m[HTTP][39m [37m<-- GET /wd/hub/session/8eebb736-b138-45b5-bb2f-9998ee53d206/source [39m[32m200[39m [90m301 ms - 13290[39m
[35m[HTTP][39m [90m[39m
[35m[HTTP][39m [37m-->[39m [37mGET[39m [37m/wd/hub/session/8eebb736-b138-45b5-bb2f-9998ee53d206/screenshot[39m
[35m[HTTP][39m [90m{}[39m
[35m[HTTP][39m [37m<-- GET /wd/hub/session/8eebb736-b138-45b5-bb2f-9998ee53d206/screenshot [39m[32m200[39m [90m496 ms - 502132[39m
[35m[HTTP][39m [90m[39m
[35m[HTTP][39m [37m-->[39m [37mGET[39m [37m/wd/hub/session/8eebb736-b138-45b5-bb2f-9998ee53d206/source[39m
[35m[HTTP][39m [90m{}[39m
[35m[W3C (8eebb736)][39m Driver proxy active, passing request on via HTTP proxy
[35m[WD Proxy][39m Replacing sessionId 43182f23-ca4c-48aa-aee2-058407a408e7 with 8eebb736-b138-45b5-bb2f-9998ee53d206
[35m[HTTP][39m [37m<-- GET /wd/hub/session/8eebb736-b138-45b5-bb2f-9998ee53d206/source [39m[32m200[39m [90m326 ms - 25433[39m
[35m[HTTP][39m [90m[39m
[35m[HTTP][39m [37m-->[39m [37mGET[39m [37m/wd/hub/session/8eebb736-b138-45b5-bb2f-9998ee53d206/screenshot[39m
[35m[HTTP][39m [90m{}[39m
[35m[HTTP][39m [37m<-- GET /wd/hub/session/8eebb736-b138-45b5-bb2f-9998ee53d206/screenshot [39m[32m200[39m [90m406 ms - 81466[39m
[35m[HTTP][39m [90m[39m
[35m[HTTP][39m [37m-->[39m [37mPOST[39m [37m/wd/hub/session/8eebb736-b138-45b5-bb2f-9998ee53d206/elements[39m
[35m[HTTP][39m [90m{"using":"xpath","value":"//*[@class = 'android.view.ViewGroup' and (@text = '' or . = '')]"}[39m
[35m[HTTP][39m [37m<-- POST /wd/hub/session/8eebb736-b138-45b5-bb2f-9998ee53d206/elements [39m[32m200[39m [90m914 ms - 3851[39m
[35m[HTTP][39m [90m[39m
[35m[HTTP][39m [37m-->[39m [37mPOST[39m [37m/wd/hub/session/8eebb736-b138-45b5-bb2f-9998ee53d206/elements[39m
[35m[HTTP][39m [90m{"using":"-android uiautomator","value":"new UiSelector().className(\"android.view.ViewGroup\")"}[39m
[35m[HTTP][39m [37m<-- POST /wd/hub/session/8eebb736-b138-45b5-bb2f-9998ee53d206/elements [39m[32m200[39m [90m876 ms - 3851[39m
[35m[HTTP][39m [90m[39m
[35m[HTTP][39m [37m-->[39m [37mGET[39m [37m/wd/hub/session/8eebb736-b138-45b5-bb2f-9998ee53d206/window/rect[39m
[35m[HTTP][39m [90m{}[39m
[35m[HTTP][39m [37m<-- GET /wd/hub/session/8eebb736-b138-45b5-bb2f-9998ee53d206/window/rect [39m[32m200[39m [90m37 ms - 49[39m
[35m[HTTP][39m [90m[39m
[35m[HTTP][39m [37m-->[39m [37mPOST[39m [37m/wd/hub/session/8eebb736-b138-45b5-bb2f-9998ee53d206/elements[39m
[35m[HTTP][39m [90m{"using":"xpath","value":"//hierarchy/android.widget.FrameLayout[1]/android.widget.LinearLayout[1]/android.widget.FrameLayout[1]/android.widget.LinearLayout[1]/android.widget.FrameLayout[1]/android.widget.FrameLayout[1]/android.view.ViewGroup[1]/android.view.ViewGroup[2]/android.view.ViewGroup[1]/android.view.ViewGroup[1]/android.view.ViewGroup[1]/android.view.ViewGroup[1]/android.view.ViewGroup[1]/android.view.ViewGroup[1]/android.view.ViewGroup[1]/android.widget.ScrollView[1]/android.view.ViewGroup[1]/android.view.ViewGroup[2]/android.view.ViewGroup[1]/android.view.ViewGroup[1]"}[39m
[35m[HTTP][39m [37m<-- POST /wd/hub/session/8eebb736-b138-45b5-bb2f-9998ee53d206/elements [39m[32m200[39m [90m277 ms - 139[39m
[35m[HTTP][39m [90m[39m
[35m[HTTP][39m [37m-->[39m [37mGET[39m [37m/wd/hub/session/8eebb736-b138-45b5-bb2f-9998ee53d206/element/00000000-0000-0053-ffff-ffff000000bc/location[39m
[35m[HTTP][39m [90m{}[39m
[35m[W3C (8eebb736)][39m Driver proxy active, passing request on via HTTP proxy
[35m[WD Proxy][39m Replacing sessionId 43182f23-ca4c-48aa-aee2-058407a408e7 with 8eebb736-b138-45b5-bb2f-9998ee53d206
[35m[HTTP][39m [37m<-- GET /wd/hub/session/8eebb736-b138-45b5-bb2f-9998ee53d206/element/00000000-0000-0053-ffff-ffff000000bc/location [39m[32m200[39m [90m35 ms - 77[39m
[35m[HTTP][39m [90m[39m
[35m[HTTP][39m [37m-->[39m [37mPOST[39m [37m/wd/hub/session/8eebb736-b138-45b5-bb2f-9998ee53d206/element/00000000-0000-0053-ffff-ffff000000bc/click[39m
[35m[HTTP][39m [90m{"id":"00000000-0000-0053-ffff-ffff000000bc"}[39m
[35m[HTTP][39m [37m<-- POST /wd/hub/session/8eebb736-b138-45b5-bb2f-9998ee53d206/element/00000000-0000-0053-ffff-ffff000000bc/click [39m[32m200[39m [90m70 ms - 14[39m
[35m[HTTP][39m [90m[39m
[35m[HTTP][39m [37m-->[39m [37mGET[39m [37m/wd/hub/session/8eebb736-b138-45b5-bb2f-9998ee53d206/source[39m
[35m[HTTP][39m [90m{}[39m
[35m[W3C (8eebb736)][39m Driver proxy active, passing request on via HTTP proxy
[35m[WD Proxy][39m Replacing sessionId 43182f23-ca4c-48aa-aee2-058407a408e7 with 8eebb736-b138-45b5-bb2f-9998ee53d206
[35m[HTTP][39m [37m<-- GET /wd/hub/session/8eebb736-b138-45b5-bb2f-9998ee53d206/source [39m[32m200[39m [90m1157 ms - 13548[39m
[35m[HTTP][39m [90m[39m
[35m[HTTP][39m [37m-->[39m [37mGET[39m [37m/wd/hub/session/8eebb736-b138-45b5-bb2f-9998ee53d206/screenshot[39m
[35m[HTTP][39m [90m{}[39m
[35m[HTTP][39m [37m<-- GET /wd/hub/session/8eebb736-b138-45b5-bb2f-9998ee53d206/screenshot [39m[32m200[39m [90m382 ms - 35400[39m
[35m[HTTP][39m [90m[39m
[35m[HTTP][39m [37m-->[39m [37mGET[39m [37m/wd/hub/session/8eebb736-b138-45b5-bb2f-9998ee53d206/source[39m
[35m[HTTP][39m [90m{}[39m
[35m[W3C (8eebb736)][39m Driver proxy active, passing request on via HTTP proxy
[35m[WD Proxy][39m Replacing sessionId 43182f23-ca4c-48aa-aee2-058407a408e7 with 8eebb736-b138-45b5-bb2f-9998ee53d206
[35m[HTTP][39m [37m<-- GET /wd/hub/session/8eebb736-b138-45b5-bb2f-9998ee53d206/source [39m[32m200[39m [90m746 ms - 57686[39m
[35m[HTTP][39m [90m[39m
[35m[HTTP][39m [37m-->[39m [37mGET[39m [37m/wd/hub/session/8eebb736-b138-45b5-bb2f-9998ee53d206/screenshot[39m
[35m[HTTP][39m [90m{}[39m
[35m[HTTP][39m [37m<-- GET /wd/hub/session/8eebb736-b138-45b5-bb2f-9998ee53d206/screenshot [39m[32m200[39m [90m544 ms - 501250[39m
[35m[HTTP][39m [90m[39m
[35m[HTTP][39m [37m-->[39m [37mGET[39m [37m/wd/hub/session/8eebb736-b138-45b5-bb2f-9998ee53d206/context[39m
[35m[HTTP][39m [90m{}[39m
[35m[HTTP][39m [37m<-- GET /wd/hub/session/8eebb736-b138-45b5-bb2f-9998ee53d206/context [39m[32m200[39m [90m3 ms - 22[39m
[35m[HTTP][39m [90m[39m
[35m[HTTP][39m [37m-->[39m [37mGET[39m [37m/wd/hub/session/8eebb736-b138-45b5-bb2f-9998ee53d206/contexts[39m
[35m[HTTP][39m [90m{}[39m
[35m[HTTP][39m [37m<-- GET /wd/hub/session/8eebb736-b138-45b5-bb2f-9998ee53d206/contexts [39m[32m200[39m [90m334 ms - 41[39m
[35m[HTTP][39m [90m[39m
[35m[HTTP][39m [37m-->[39m [37mPOST[39m [37m/wd/hub/session/8eebb736-b138-45b5-bb2f-9998ee53d206/context[39m
[35m[HTTP][39m [90m{"name":"NATIVE_APP"}[39m
[35m[HTTP][39m [37m<-- POST /wd/hub/session/8eebb736-b138-45b5-bb2f-9998ee53d206/context [39m[32m200[39m [90m3 ms - 14[39m
[35m[HTTP][39m [90m[39m
[35m[HTTP][39m [37m-->[39m [37mPOST[39m [37m/wd/hub/session/8eebb736-b138-45b5-bb2f-9998ee53d206/element[39m
[35m[HTTP][39m [90m{"using":"-android uiautomator","value":"new UiScrollable(new UiSelector().scrollable(true).instance(0)).scrollIntoView(new UiSelector().textContains(\"Our\"))"}[39m
[35m[WD Proxy][39m Got response with status 404: {"sessionId":"43182f23-ca4c-48aa-aee2-058407a408e7","value":{"error":"no such element","message":"An element could not be located on the page using the given search parameters","stacktrace":"io.appium.uiautomator2.common.exceptions.ElementNotFoundException: An element could not be located on the page using the given search parameters\n\tat io.appium.uiautomator2.handler.FindElement.safeHandle(FindElement.java:70)\n\tat io.appium.uiautomator2.handler.request.SafeRequestHandler.handle(SafeRequestHandler.java:59)\n\tat io.appium.uiautomator2.server.AppiumServlet.handleRequest(AppiumServlet.java:266)\n\tat io.appium.uiautomator2.server.AppiumServlet.handleHttpRequest(AppiumServlet.java:260)\n\tat io.appium.uiautomator2.http.ServerHandler.channelRead(ServerHandler.java:68)\n\tat io.netty.channel.AbstractChannelHandlerContext.invokeChannelRead(AbstractChannelHandlerContext.java:366)\n\tat io.netty.channel.AbstractChannelHandlerContext.invokeChannelRead(AbstractChannelHandlerContext.java:352)\n\tat io.netty.chann...
[35m[WD Proxy][39m Got response with status 404: {"sessionId":"43182f23-ca4c-48aa-aee2-058407a408e7","value":{"error":"no such element","message":"An element could not be located on the page using the given search parameters","stacktrace":"io.appium.uiautomator2.common.exceptions.ElementNotFoundException: An element could not be located on the page using the given search parameters\n\tat io.appium.uiautomator2.handler.FindElement.safeHandle(FindElement.java:70)\n\tat io.appium.uiautomator2.handler.request.SafeRequestHandler.handle(SafeRequestHandler.java:59)\n\tat io.appium.uiautomator2.server.AppiumServlet.handleRequest(AppiumServlet.java:266)\n\tat io.appium.uiautomator2.server.AppiumServlet.handleHttpRequest(AppiumServlet.java:260)\n\tat io.appium.uiautomator2.http.ServerHandler.channelRead(ServerHandler.java:68)\n\tat io.netty.channel.AbstractChannelHandlerContext.invokeChannelRead(AbstractChannelHandlerContext.java:366)\n\tat io.netty.channel.AbstractChannelHandlerContext.invokeChannelRead(AbstractChannelHandlerContext.java:352)\n\tat io.netty.chann...
[35m[WD Proxy][39m Got response with status 404: {"sessionId":"43182f23-ca4c-48aa-aee2-058407a408e7","value":{"error":"no such element","message":"An element could not be located on the page using the given search parameters","stacktrace":"io.appium.uiautomator2.common.exceptions.ElementNotFoundException: An element could not be located on the page using the given search parameters\n\tat io.appium.uiautomator2.handler.FindElement.safeHandle(FindElement.java:70)\n\tat io.appium.uiautomator2.handler.request.SafeRequestHandler.handle(SafeRequestHandler.java:59)\n\tat io.appium.uiautomator2.server.AppiumServlet.handleRequest(AppiumServlet.java:266)\n\tat io.appium.uiautomator2.server.AppiumServlet.handleHttpRequest(AppiumServlet.java:260)\n\tat io.appium.uiautomator2.http.ServerHandler.channelRead(ServerHandler.java:68)\n\tat io.netty.channel.AbstractChannelHandlerContext.invokeChannelRead(AbstractChannelHandlerContext.java:366)\n\tat io.netty.channel.AbstractChannelHandlerContext.invokeChannelRead(AbstractChannelHandlerContext.java:352)\n\tat io.netty.chann...
[35m[WD Proxy][39m Got response with status 404: {"sessionId":"43182f23-ca4c-48aa-aee2-058407a408e7","value":{"error":"no such element","message":"An element could not be located on the page using the given search parameters","stacktrace":"io.appium.uiautomator2.common.exceptions.ElementNotFoundException: An element could not be located on the page using the given search parameters\n\tat io.appium.uiautomator2.handler.FindElement.safeHandle(FindElement.java:70)\n\tat io.appium.uiautomator2.handler.request.SafeRequestHandler.handle(SafeRequestHandler.java:59)\n\tat io.appium.uiautomator2.server.AppiumServlet.handleRequest(AppiumServlet.java:266)\n\tat io.appium.uiautomator2.server.AppiumServlet.handleHttpRequest(AppiumServlet.java:260)\n\tat io.appium.uiautomator2.http.ServerHandler.channelRead(ServerHandler.java:68)\n\tat io.netty.channel.AbstractChannelHandlerContext.invokeChannelRead(AbstractChannelHandlerContext.java:366)\n\tat io.netty.channel.AbstractChannelHandlerContext.invokeChannelRead(AbstractChannelHandlerContext.java:352)\n\tat io.netty.chann...
[35m[HTTP][39m [37m<-- POST /wd/hub/session/8eebb736-b138-45b5-bb2f-9998ee53d206/element [39m[33m404[39m [90m80530 ms - 883[39m
[35m[HTTP][39m [90m[39m
[35m[HTTP][39m [37m-->[39m [37mPOST[39m [37m/wd/hub/session/8eebb736-b138-45b5-bb2f-9998ee53d206/context[39m
[35m[HTTP][39m [90m{"name":"NATIVE_APP"}[39m
[35m[HTTP][39m [37m<-- POST /wd/hub/session/8eebb736-b138-45b5-bb2f-9998ee53d206/context [39m[32m200[39m [90m2 ms - 14[39m
[35m[HTTP][39m [90m[39m
[35m[HTTP][39m [37m-->[39m [37mGET[39m [37m/wd/hub/session/8eebb736-b138-45b5-bb2f-9998ee53d206/context[39m
[35m[HTTP][39m [90m{}[39m
[35m[HTTP][39m [37m<-- GET /wd/hub/session/8eebb736-b138-45b5-bb2f-9998ee53d206/context [39m[32m200[39m [90m4 ms - 22[39m
[35m[HTTP][39m [90m[39m
[35m[HTTP][39m [37m-->[39m [37mGET[39m [37m/wd/hub/session/8eebb736-b138-45b5-bb2f-9998ee53d206/contexts[39m
[35m[HTTP][39m [90m{}[39m
[35m[HTTP][39m [37m<-- GET /wd/hub/session/8eebb736-b138-45b5-bb2f-9998ee53d206/contexts [39m[32m200[39m [90m239 ms - 41[39m
[35m[HTTP][39m [90m[39m
[35m[HTTP][39m [37m-->[39m [37mPOST[39m [37m/wd/hub/session/8eebb736-b138-45b5-bb2f-9998ee53d206/context[39m
[35m[HTTP][39m [90m{"name":"NATIVE_APP"}[39m
[35m[HTTP][39m [37m<-- POST /wd/hub/session/8eebb736-b138-45b5-bb2f-9998ee53d206/context [39m[32m200[39m [90m2 ms - 14[39m
[35m[HTTP][39m [90m[39m
[35m[HTTP][39m [37m-->[39m [37mPOST[39m [37m/wd/hub/session/8eebb736-b138-45b5-bb2f-9998ee53d206/element[39m
[35m[HTTP][39m [90m{"using":"-android uiautomator","value":"new UiScrollable(new UiSelector().scrollable(true).instance(0)).scrollIntoView(new UiSelector().textContains(\"Order\"))"}[39m
[35m[WD Proxy][39m Got response with status 404: {"sessionId":"43182f23-ca4c-48aa-aee2-058407a408e7","value":{"error":"no such element","message":"An element could not be located on the page using the given search parameters","stacktrace":"io.appium.uiautomator2.common.exceptions.ElementNotFoundException: An element could not be located on the page using the given search parameters\n\tat io.appium.uiautomator2.handler.FindElement.safeHandle(FindElement.java:70)\n\tat io.appium.uiautomator2.handler.request.SafeRequestHandler.handle(SafeRequestHandler.java:59)\n\tat io.appium.uiautomator2.server.AppiumServlet.handleRequest(AppiumServlet.java:266)\n\tat io.appium.uiautomator2.server.AppiumServlet.handleHttpRequest(AppiumServlet.java:260)\n\tat io.appium.uiautomator2.http.ServerHandler.channelRead(ServerHandler.java:68)\n\tat io.netty.channel.AbstractChannelHandlerContext.invokeChannelRead(AbstractChannelHandlerContext.java:366)\n\tat io.netty.channel.AbstractChannelHandlerContext.invokeChannelRead(AbstractChannelHandlerContext.java:352)\n\tat io.netty.chann...
[35m[WD Proxy][39m Got response with status 404: {"sessionId":"43182f23-ca4c-48aa-aee2-058407a408e7","value":{"error":"no such element","message":"An element could not be located on the page using the given search parameters","stacktrace":"io.appium.uiautomator2.common.exceptions.ElementNotFoundException: An element could not be located on the page using the given search parameters\n\tat io.appium.uiautomator2.handler.FindElement.safeHandle(FindElement.java:70)\n\tat io.appium.uiautomator2.handler.request.SafeRequestHandler.handle(SafeRequestHandler.java:59)\n\tat io.appium.uiautomator2.server.AppiumServlet.handleRequest(AppiumServlet.java:266)\n\tat io.appium.uiautomator2.server.AppiumServlet.handleHttpRequest(AppiumServlet.java:260)\n\tat io.appium.uiautomator2.http.ServerHandler.channelRead(ServerHandler.java:68)\n\tat io.netty.channel.AbstractChannelHandlerContext.invokeChannelRead(AbstractChannelHandlerContext.java:366)\n\tat io.netty.channel.AbstractChannelHandlerContext.invokeChannelRead(AbstractChannelHandlerContext.java:352)\n\tat io.netty.chann...
[35m[WD Proxy][39m Got response with status 404: {"sessionId":"43182f23-ca4c-48aa-aee2-058407a408e7","value":{"error":"no such element","message":"An element could not be located on the page using the given search parameters","stacktrace":"io.appium.uiautomator2.common.exceptions.ElementNotFoundException: An element could not be located on the page using the given search parameters\n\tat io.appium.uiautomator2.handler.FindElement.safeHandle(FindElement.java:70)\n\tat io.appium.uiautomator2.handler.request.SafeRequestHandler.handle(SafeRequestHandler.java:59)\n\tat io.appium.uiautomator2.server.AppiumServlet.handleRequest(AppiumServlet.java:266)\n\tat io.appium.uiautomator2.server.AppiumServlet.handleHttpRequest(AppiumServlet.java:260)\n\tat io.appium.uiautomator2.http.ServerHandler.channelRead(ServerHandler.java:68)\n\tat io.netty.channel.AbstractChannelHandlerContext.invokeChannelRead(AbstractChannelHandlerContext.java:366)\n\tat io.netty.channel.AbstractChannelHandlerContext.invokeChannelRead(AbstractChannelHandlerContext.java:352)\n\tat io.netty.chann...
[35m[HTTP][39m [37m<-- POST /wd/hub/session/8eebb736-b138-45b5-bb2f-9998ee53d206/element [39m[33m404[39m [90m66736 ms - 883[39m
[35m[HTTP][39m [90m[39m
[35m[HTTP][39m [37m-->[39m [37mPOST[39m [37m/wd/hub/session/8eebb736-b138-45b5-bb2f-9998ee53d206/context[39m
[35m[HTTP][39m [90m{"name":"NATIVE_APP"}[39m
[35m[HTTP][39m [37m<-- POST /wd/hub/session/8eebb736-b138-45b5-bb2f-9998ee53d206/context [39m[32m200[39m [90m3 ms - 14[39m
[35m[HTTP][39m [90m[39m
[35m[HTTP][39m [37m-->[39m [37mGET[39m [37m/wd/hub/session/8eebb736-b138-45b5-bb2f-9998ee53d206/context[39m
[35m[HTTP][39m [90m{}[39m
[35m[HTTP][39m [37m<-- GET /wd/hub/session/8eebb736-b138-45b5-bb2f-9998ee53d206/context [39m[32m200[39m [90m2 ms - 22[39m
[35m[HTTP][39m [90m[39m
[35m[HTTP][39m [37m-->[39m [37mGET[39m [37m/wd/hub/session/8eebb736-b138-45b5-bb2f-9998ee53d206/contexts[39m
[35m[HTTP][39m [90m{}[39m
[35m[HTTP][39m [37m<-- GET /wd/hub/session/8eebb736-b138-45b5-bb2f-9998ee53d206/contexts [39m[32m200[39m [90m250 ms - 41[39m
[35m[HTTP][39m [90m[39m
[35m[HTTP][39m [37m-->[39m [37mPOST[39m [37m/wd/hub/session/8eebb736-b138-45b5-bb2f-9998ee53d206/context[39m
[35m[HTTP][39m [90m{"name":"NATIVE_APP"}[39m
[35m[HTTP][39m [37m<-- POST /wd/hub/session/8eebb736-b138-45b5-bb2f-9998ee53d206/context [39m[32m200[39m [90m4 ms - 14[39m
[35m[HTTP][39m [90m[39m
[35m[HTTP][39m [37m-->[39m [37mPOST[39m [37m/wd/hub/session/8eebb736-b138-45b5-bb2f-9998ee53d206/element[39m
[35m[HTTP][39m [90m{"using":"-android uiautomator","value":"new UiScrollable(new UiSelector().scrollable(true).instance(0)).scrollIntoView(new UiSelector().textContains(\"Download our App!\"))"}[39m
[35m[WD Proxy][39m Got response with status 404: {"sessionId":"43182f23-ca4c-48aa-aee2-058407a408e7","value":{"error":"no such element","message":"An element could not be located on the page using the given search parameters","stacktrace":"io.appium.uiautomator2.common.exceptions.ElementNotFoundException: An element could not be located on the page using the given search parameters\n\tat io.appium.uiautomator2.handler.FindElement.safeHandle(FindElement.java:70)\n\tat io.appium.uiautomator2.handler.request.SafeRequestHandler.handle(SafeRequestHandler.java:59)\n\tat io.appium.uiautomator2.server.AppiumServlet.handleRequest(AppiumServlet.java:266)\n\tat io.appium.uiautomator2.server.AppiumServlet.handleHttpRequest(AppiumServlet.java:260)\n\tat io.appium.uiautomator2.http.ServerHandler.channelRead(ServerHandler.java:68)\n\tat io.netty.channel.AbstractChannelHandlerContext.invokeChannelRead(AbstractChannelHandlerContext.java:366)\n\tat io.netty.channel.AbstractChannelHandlerContext.invokeChannelRead(AbstractChannelHandlerContext.java:352)\n\tat io.netty.chann...
[35m[WD Proxy][39m Got response with status 404: {"sessionId":"43182f23-ca4c-48aa-aee2-058407a408e7","value":{"error":"no such element","message":"An element could not be located on the page using the given search parameters","stacktrace":"io.appium.uiautomator2.common.exceptions.ElementNotFoundException: An element could not be located on the page using the given search parameters\n\tat io.appium.uiautomator2.handler.FindElement.safeHandle(FindElement.java:70)\n\tat io.appium.uiautomator2.handler.request.SafeRequestHandler.handle(SafeRequestHandler.java:59)\n\tat io.appium.uiautomator2.server.AppiumServlet.handleRequest(AppiumServlet.java:266)\n\tat io.appium.uiautomator2.server.AppiumServlet.handleHttpRequest(AppiumServlet.java:260)\n\tat io.appium.uiautomator2.http.ServerHandler.channelRead(ServerHandler.java:68)\n\tat io.netty.channel.AbstractChannelHandlerContext.invokeChannelRead(AbstractChannelHandlerContext.java:366)\n\tat io.netty.channel.AbstractChannelHandlerContext.invokeChannelRead(AbstractChannelHandlerContext.java:352)\n\tat io.netty.chann...
[35m[WD Proxy][39m Got response with status 404: {"sessionId":"43182f23-ca4c-48aa-aee2-058407a408e7","value":{"error":"no such element","message":"An element could not be located on the page using the given search parameters","stacktrace":"io.appium.uiautomator2.common.exceptions.ElementNotFoundException: An element could not be located on the page using the given search parameters\n\tat io.appium.uiautomator2.handler.FindElement.safeHandle(FindElement.java:70)\n\tat io.appium.uiautomator2.handler.request.SafeRequestHandler.handle(SafeRequestHandler.java:59)\n\tat io.appium.uiautomator2.server.AppiumServlet.handleRequest(AppiumServlet.java:266)\n\tat io.appium.uiautomator2.server.AppiumServlet.handleHttpRequest(AppiumServlet.java:260)\n\tat io.appium.uiautomator2.http.ServerHandler.channelRead(ServerHandler.java:68)\n\tat io.netty.channel.AbstractChannelHandlerContext.invokeChannelRead(AbstractChannelHandlerContext.java:366)\n\tat io.netty.channel.AbstractChannelHandlerContext.invokeChannelRead(AbstractChannelHandlerContext.java:352)\n\tat io.netty.chann...
[35m[WD Proxy][39m Got response with status 404: {"sessionId":"43182f23-ca4c-48aa-aee2-058407a408e7","value":{"error":"no such element","message":"An element could not be located on the page using the given search parameters","stacktrace":"io.appium.uiautomator2.common.exceptions.ElementNotFoundException: An element could not be located on the page using the given search parameters\n\tat io.appium.uiautomator2.handler.FindElement.safeHandle(FindElement.java:70)\n\tat io.appium.uiautomator2.handler.request.SafeRequestHandler.handle(SafeRequestHandler.java:59)\n\tat io.appium.uiautomator2.server.AppiumServlet.handleRequest(AppiumServlet.java:266)\n\tat io.appium.uiautomator2.server.AppiumServlet.handleHttpRequest(AppiumServlet.java:260)\n\tat io.appium.uiautomator2.http.ServerHandler.channelRead(ServerHandler.java:68)\n\tat io.netty.channel.AbstractChannelHandlerContext.invokeChannelRead(AbstractChannelHandlerContext.java:366)\n\tat io.netty.channel.AbstractChannelHandlerContext.invokeChannelRead(AbstractChannelHandlerContext.java:352)\n\tat io.netty.chann...
[35m[HTTP][39m [37m<-- POST /wd/hub/session/8eebb736-b138-45b5-bb2f-9998ee53d206/element [39m[33m404[39m [90m68643 ms - 883[39m
[35m[HTTP][39m [90m[39m
[35m[HTTP][39m [37m-->[39m [37mPOST[39m [37m/wd/hub/session/8eebb736-b138-45b5-bb2f-9998ee53d206/context[39m
[35m[HTTP][39m [90m{"name":"NATIVE_APP"}[39m
[35m[HTTP][39m [37m<-- POST /wd/hub/session/8eebb736-b138-45b5-bb2f-9998ee53d206/context [39m[32m200[39m [90m2 ms - 14[39m
[35m[HTTP][39m [90m[39m
[35m[HTTP][39m [37m-->[39m [37mPOST[39m [37m/wd/hub/session/8eebb736-b138-45b5-bb2f-9998ee53d206/elements[39m
[35m[HTTP][39m [90m{"using":"xpath","value":"//*[@class = 'android.view.View' and (@text = '' or . = '')]"}[39m
[35m[HTTP][39m [37m<-- POST /wd/hub/session/8eebb736-b138-45b5-bb2f-9998ee53d206/elements [39m[32m200[39m [90m219 ms - 267[39m
[35m[HTTP][39m [90m[39m
[35m[HTTP][39m [37m-->[39m [37mPOST[39m [37m/wd/hub/session/8eebb736-b138-45b5-bb2f-9998ee53d206/elements[39m
[35m[HTTP][39m [90m{"using":"-android uiautomator","value":"new UiSelector().className(\"android.view.View\")"}[39m
[35m[HTTP][39m [37m<-- POST /wd/hub/session/8eebb736-b138-45b5-bb2f-9998ee53d206/elements [39m[32m200[39m [90m147 ms - 267[39m
[35m[HTTP][39m [90m[39m
[35m[HTTP][39m [37m-->[39m [37mGET[39m [37m/wd/hub/session/8eebb736-b138-45b5-bb2f-9998ee53d206/window/rect[39m
[35m[HTTP][39m [90m{}[39m
[35m[HTTP][39m [37m<-- GET /wd/hub/session/8eebb736-b138-45b5-bb2f-9998ee53d206/window/rect [39m[32m200[39m [90m25 ms - 49[39m
[35m[HTTP][39m [90m[39m
[35m[HTTP][39m [37m-->[39m [37mPOST[39m [37m/wd/hub/session/8eebb736-b138-45b5-bb2f-9998ee53d206/elements[39m
[35m[HTTP][39m [90m{"using":"xpath","value":"//hierarchy/android.widget.FrameLayout[1]/android.widget.LinearLayout[1]/android.widget.FrameLayout[1]/android.widget.FrameLayout[1]/android.widget.FrameLayout[1]/android.view.ViewGroup[1]/android.widget.FrameLayout[1]/android.widget.FrameLayout[2]/android.webkit.WebView[1]/android.view.View[1]/android.view.View[1]/android.view.View[2]/android.view.View[1]/android.view.View[2]/android.view.View[1]"}[39m
[35m[HTTP][39m [37m<-- POST /wd/hub/session/8eebb736-b138-45b5-bb2f-9998ee53d206/elements [39m[32m200[39m [90m60147 ms - 12[39m
[35m[HTTP][39m [90m[39m
[35m[HTTP][39m [37m-->[39m [37mGET[39m [37m/wd/hub/session/8eebb736-b138-45b5-bb2f-9998ee53d206/context[39m
[35m[HTTP][39m [90m{}[39m
[35m[HTTP][39m [37m<-- GET /wd/hub/session/8eebb736-b138-45b5-bb2f-9998ee53d206/context [39m[32m200[39m [90m5 ms - 22[39m
[35m[HTTP][39m [90m[39m
[35m[HTTP][39m [37m-->[39m [37mGET[39m [37m/wd/hub/session/8eebb736-b138-45b5-bb2f-9998ee53d206/contexts[39m
[35m[HTTP][39m [90m{}[39m
[35m[HTTP][39m [37m<-- GET /wd/hub/session/8eebb736-b138-45b5-bb2f-9998ee53d206/contexts [39m[32m200[39m [90m360 ms - 41[39m
[35m[HTTP][39m [90m[39m
[35m[HTTP][39m [37m-->[39m [37mPOST[39m [37m/wd/hub/session/8eebb736-b138-45b5-bb2f-9998ee53d206/context[39m
[35m[HTTP][39m [90m{"name":"NATIVE_APP"}[39m
[35m[HTTP][39m [37m<-- POST /wd/hub/session/8eebb736-b138-45b5-bb2f-9998ee53d206/context [39m[32m200[39m [90m2 ms - 14[39m
[35m[HTTP][39m [90m[39m
[35m[HTTP][39m [37m-->[39m [37mPOST[39m [37m/wd/hub/session/8eebb736-b138-45b5-bb2f-9998ee53d206/touch/perform[39m
[35m[HTTP][39m [90m{"actions":[{"action":"press","options":{"x":0,"y":0}},{"action":"wait","options":{"ms":500}},{"action":"moveTo","options":{"x":0,"y":-5}},{"action":"release","options":{}}]}[39m
[35m[HTTP][39m [37m<-- POST /wd/hub/session/8eebb736-b138-45b5-bb2f-9998ee53d206/touch/perform [39m[32m200[39m [90m1047 ms - 14[39m
[35m[HTTP][39m [90m[39m
[35m[HTTP][39m [37m-->[39m [37mPOST[39m [37m/wd/hub/session/8eebb736-b138-45b5-bb2f-9998ee53d206/context[39m
[35m[HTTP][39m [90m{"name":"NATIVE_APP"}[39m
[35m[HTTP][39m [37m<-- POST /wd/hub/session/8eebb736-b138-45b5-bb2f-9998ee53d206/context [39m[32m200[39m [90m2 ms - 14[39m
[35m[HTTP][39m [90m[39m
[35m[HTTP][39m [37m-->[39m [37mGET[39m [37m/wd/hub/session/8eebb736-b138-45b5-bb2f-9998ee53d206/source[39m
[35m[HTTP][39m [90m{}[39m
[35m[W3C (8eebb736)][39m Driver proxy active, passing request on via HTTP proxy
[35m[WD Proxy][39m Replacing sessionId 43182f23-ca4c-48aa-aee2-058407a408e7 with 8eebb736-b138-45b5-bb2f-9998ee53d206
[35m[HTTP][39m [37m<-- GET /wd/hub/session/8eebb736-b138-45b5-bb2f-9998ee53d206/source [39m[32m200[39m [90m145 ms - 5294[39m
[35m[HTTP][39m [90m[39m
[35m[HTTP][39m [37m-->[39m [37mGET[39m [37m/wd/hub/session/8eebb736-b138-45b5-bb2f-9998ee53d206/screenshot[39m
[35m[HTTP][39m [90m{}[39m
[35m[HTTP][39m [37m<-- GET /wd/hub/session/8eebb736-b138-45b5-bb2f-9998ee53d206/screenshot [39m[32m200[39m [90m506 ms - 243816[39m
[35m[HTTP][39m [90m[39m
[35m[HTTP][39m [37m-->[39m [37mGET[39m [37m/wd/hub/session/8eebb736-b138-45b5-bb2f-9998ee53d206/context[39m
[35m[HTTP][39m [90m{}[39m
[35m[HTTP][39m [37m<-- GET /wd/hub/session/8eebb736-b138-45b5-bb2f-9998ee53d206/context [39m[32m200[39m [90m3 ms - 22[39m
[35m[HTTP][39m [90m[39m
[35m[HTTP][39m [37m-->[39m [37mGET[39m [37m/wd/hub/session/8eebb736-b138-45b5-bb2f-9998ee53d206/contexts[39m
[35m[HTTP][39m [90m{}[39m
[35m[HTTP][39m [37m<-- GET /wd/hub/session/8eebb736-b138-45b5-bb2f-9998ee53d206/contexts [39m[32m200[39m [90m220 ms - 41[39m
[35m[HTTP][39m [90m[39m
[35m[HTTP][39m [37m-->[39m [37mPOST[39m [37m/wd/hub/session/8eebb736-b138-45b5-bb2f-9998ee53d206/context[39m
[35m[HTTP][39m [90m{"name":"NATIVE_APP"}[39m
[35m[HTTP][39m [37m<-- POST /wd/hub/session/8eebb736-b138-45b5-bb2f-9998ee53d206/context [39m[32m200[39m [90m2 ms - 14[39m
[35m[HTTP][39m [90m[39m
[35m[HTTP][39m [37m-->[39m [37mPOST[39m [37m/wd/hub/session/8eebb736-b138-45b5-bb2f-9998ee53d206/touch/perform[39m
[35m[HTTP][39m [90m{"actions":[{"action":"press","options":{"x":0,"y":0}},{"action":"wait","options":{"ms":500}},{"action":"moveTo","options":{"x":0,"y":-1}},{"action":"release","options":{}}]}[39m
[35m[HTTP][39m [37m<-- POST /wd/hub/session/8eebb736-b138-45b5-bb2f-9998ee53d206/touch/perform [39m[32m200[39m [90m1047 ms - 14[39m
[35m[HTTP][39m [90m[39m
[35m[HTTP][39m [37m-->[39m [37mPOST[39m [37m/wd/hub/session/8eebb736-b138-45b5-bb2f-9998ee53d206/context[39m
[35m[HTTP][39m [90m{"name":"NATIVE_APP"}[39m
[35m[HTTP][39m [37m<-- POST /wd/hub/session/8eebb736-b138-45b5-bb2f-9998ee53d206/context [39m[32m200[39m [90m3 ms - 14[39m
[35m[HTTP][39m [90m[39m
[35m[HTTP][39m [37m-->[39m [37mGET[39m [37m/wd/hub/session/8eebb736-b138-45b5-bb2f-9998ee53d206/source[39m
[35m[HTTP][39m [90m{}[39m
[35m[W3C (8eebb736)][39m Driver proxy active, passing request on via HTTP proxy
[35m[WD Proxy][39m Replacing sessionId 43182f23-ca4c-48aa-aee2-058407a408e7 with 8eebb736-b138-45b5-bb2f-9998ee53d206
[35m[HTTP][39m [37m<-- GET /wd/hub/session/8eebb736-b138-45b5-bb2f-9998ee53d206/source [39m[32m200[39m [90m302 ms - 5294[39m
[35m[HTTP][39m [90m[39m
[35m[HTTP][39m [37m-->[39m [37mGET[39m [37m/wd/hub/session/8eebb736-b138-45b5-bb2f-9998ee53d206/screenshot[39m
[35m[HTTP][39m [90m{}[39m
[35m[HTTP][39m [37m<-- GET /wd/hub/session/8eebb736-b138-45b5-bb2f-9998ee53d206/screenshot [39m[32m200[39m [90m489 ms - 243924[39m
[35m[HTTP][39m [90m[39m
[35m[HTTP][39m [37m-->[39m [37mGET[39m [37m/wd/hub/session/8eebb736-b138-45b5-bb2f-9998ee53d206/context[39m
[35m[HTTP][39m [90m{}[39m
[35m[HTTP][39m [37m<-- GET /wd/hub/session/8eebb736-b138-45b5-bb2f-9998ee53d206/context [39m[32m200[39m [90m2 ms - 22[39m
[35m[HTTP][39m [90m[39m
[35m[HTTP][39m [37m-->[39m [37mGET[39m [37m/wd/hub/session/8eebb736-b138-45b5-bb2f-9998ee53d206/contexts[39m
[35m[HTTP][39m [90m{}[39m
[35m[HTTP][39m [37m<-- GET /wd/hub/session/8eebb736-b138-45b5-bb2f-9998ee53d206/contexts [39m[32m200[39m [90m226 ms - 41[39m
[35m[HTTP][39m [90m[39m
[35m[HTTP][39m [37m-->[39m [37mPOST[39m [37m/wd/hub/session/8eebb736-b138-45b5-bb2f-9998ee53d206/context[39m
[35m[HTTP][39m [90m{"name":"NATIVE_APP"}[39m
[35m[HTTP][39m [37m<-- POST /wd/hub/session/8eebb736-b138-45b5-bb2f-9998ee53d206/context [39m[32m200[39m [90m2 ms - 14[39m
[35m[HTTP][39m [90m[39m
[35m[HTTP][39m [37m-->[39m [37mPOST[39m [37m/wd/hub/session/8eebb736-b138-45b5-bb2f-9998ee53d206/touch/perform[39m
[35m[HTTP][39m [90m{"actions":[{"action":"press","options":{"x":0,"y":1}},{"action":"wait","options":{"ms":500}},{"action":"moveTo","options":{"x":0,"y":0}},{"action":"release","options":{}}]}[39m
[35m[HTTP][39m [37m<-- POST /wd/hub/session/8eebb736-b138-45b5-bb2f-9998ee53d206/touch/perform [39m[32m200[39m [90m1042 ms - 14[39m
[35m[HTTP][39m [90m[39m
[35m[HTTP][39m [37m-->[39m [37mPOST[39m [37m/wd/hub/session/8eebb736-b138-45b5-bb2f-9998ee53d206/context[39m
[35m[HTTP][39m [90m{"name":"NATIVE_APP"}[39m
[35m[HTTP][39m [37m<-- POST /wd/hub/session/8eebb736-b138-45b5-bb2f-9998ee53d206/context [39m[32m200[39m [90m2 ms - 14[39m
[35m[HTTP][39m [90m[39m
[35m[HTTP][39m [37m-->[39m [37mGET[39m [37m/wd/hub/session/8eebb736-b138-45b5-bb2f-9998ee53d206/source[39m
[35m[HTTP][39m [90m{}[39m
[35m[W3C (8eebb736)][39m Driver proxy active, passing request on via HTTP proxy
[35m[WD Proxy][39m Replacing sessionId 43182f23-ca4c-48aa-aee2-058407a408e7 with 8eebb736-b138-45b5-bb2f-9998ee53d206
[35m[HTTP][39m [37m<-- GET /wd/hub/session/8eebb736-b138-45b5-bb2f-9998ee53d206/source [39m[32m200[39m [90m146 ms - 5294[39m
[35m[HTTP][39m [90m[39m
[35m[HTTP][39m [37m-->[39m [37mGET[39m [37m/wd/hub/session/8eebb736-b138-45b5-bb2f-9998ee53d206/screenshot[39m
[35m[HTTP][39m [90m{}[39m
[35m[HTTP][39m [37m<-- GET /wd/hub/session/8eebb736-b138-45b5-bb2f-9998ee53d206/screenshot [39m[32m200[39m [90m468 ms - 244252[39m
[35m[HTTP][39m [90m[39m
[35m[HTTP][39m [37m-->[39m [37mGET[39m [37m/wd/hub/session/8eebb736-b138-45b5-bb2f-9998ee53d206/context[39m
[35m[HTTP][39m [90m{}[39m
[35m[HTTP][39m [37m<-- GET /wd/hub/session/8eebb736-b138-45b5-bb2f-9998ee53d206/context [39m[32m200[39m [90m2 ms - 22[39m
[35m[HTTP][39m [90m[39m
[35m[HTTP][39m [37m-->[39m [37mGET[39m [37m/wd/hub/session/8eebb736-b138-45b5-bb2f-9998ee53d206/contexts[39m
[35m[HTTP][39m [90m{}[39m
[35m[HTTP][39m [37m<-- GET /wd/hub/session/8eebb736-b138-45b5-bb2f-9998ee53d206/contexts [39m[32m200[39m [90m222 ms - 41[39m
[35m[HTTP][39m [90m[39m
[35m[HTTP][39m [37m-->[39m [37mPOST[39m [37m/wd/hub/session/8eebb736-b138-45b5-bb2f-9998ee53d206/context[39m
[35m[HTTP][39m [90m{"name":"NATIVE_APP"}[39m
[35m[HTTP][39m [37m<-- POST /wd/hub/session/8eebb736-b138-45b5-bb2f-9998ee53d206/context [39m[32m200[39m [90m2 ms - 14[39m
[35m[HTTP][39m [90m[39m
[35m[HTTP][39m [37m-->[39m [37mPOST[39m [37m/wd/hub/session/8eebb736-b138-45b5-bb2f-9998ee53d206/touch/perform[39m
[35m[HTTP][39m [90m{"actions":[{"action":"press","options":{"x":0,"y":0}},{"action":"wait","options":{"ms":500}},{"action":"moveTo","options":{"x":0,"y":1}},{"action":"release","options":{}}]}[39m
[35m[HTTP][39m [37m<-- POST /wd/hub/session/8eebb736-b138-45b5-bb2f-9998ee53d206/touch/perform [39m[32m200[39m [90m1053 ms - 14[39m
[35m[HTTP][39m [90m[39m
[35m[HTTP][39m [37m-->[39m [37mPOST[39m [37m/wd/hub/session/8eebb736-b138-45b5-bb2f-9998ee53d206/context[39m
[35m[HTTP][39m [90m{"name":"NATIVE_APP"}[39m
[35m[HTTP][39m [37m<-- POST /wd/hub/session/8eebb736-b138-45b5-bb2f-9998ee53d206/context [39m[32m200[39m [90m2 ms - 14[39m
[35m[HTTP][39m [90m[39m
[35m[HTTP][39m [37m-->[39m [37mGET[39m [37m/wd/hub/session/8eebb736-b138-45b5-bb2f-9998ee53d206/source[39m
[35m[HTTP][39m [90m{}[39m
[35m[W3C (8eebb736)][39m Driver proxy active, passing request on via HTTP proxy
[35m[WD Proxy][39m Replacing sessionId 43182f23-ca4c-48aa-aee2-058407a408e7 with 8eebb736-b138-45b5-bb2f-9998ee53d206
[35m[HTTP][39m [37m<-- GET /wd/hub/session/8eebb736-b138-45b5-bb2f-9998ee53d206/source [39m[32m200[39m [90m126 ms - 5294[39m
[35m[HTTP][39m [90m[39m
[35m[HTTP][39m [37m-->[39m [37mGET[39m [37m/wd/hub/session/8eebb736-b138-45b5-bb2f-9998ee53d206/screenshot[39m
[35m[HTTP][39m [90m{}[39m
[35m[HTTP][39m [37m<-- GET /wd/hub/session/8eebb736-b138-45b5-bb2f-9998ee53d206/screenshot [39m[32m200[39m [90m474 ms - 244218[39m
[35m[HTTP][39m [90m[39m
[35m[HTTP][39m [37m-->[39m [37mGET[39m [37m/wd/hub/session/8eebb736-b138-45b5-bb2f-9998ee53d206/source[39m
[35m[HTTP][39m [90m{}[39m
[35m[W3C (8eebb736)][39m Driver proxy active, passing request on via HTTP proxy
[35m[WD Proxy][39m Replacing sessionId 43182f23-ca4c-48aa-aee2-058407a408e7 with 8eebb736-b138-45b5-bb2f-9998ee53d206
[35m[HTTP][39m [37m<-- GET /wd/hub/session/8eebb736-b138-45b5-bb2f-9998ee53d206/source [39m[32m200[39m [90m322 ms - 25433[39m
[35m[HTTP][39m [90m[39m
[35m[HTTP][39m [37m-->[39m [37mGET[39m [37m/wd/hub/session/8eebb736-b138-45b5-bb2f-9998ee53d206/screenshot[39m
[35m[HTTP][39m [90m{}[39m
[35m[HTTP][39m [37m<-- GET /wd/hub/session/8eebb736-b138-45b5-bb2f-9998ee53d206/screenshot [39m[32m200[39m [90m400 ms - 82134[39m
[35m[HTTP][39m [90m[39m
[35m[HTTP][39m [37m-->[39m [37mPOST[39m [37m/wd/hub/session/8eebb736-b138-45b5-bb2f-9998ee53d206/elements[39m
[35m[HTTP][39m [90m{"using":"xpath","value":"//*[@class = 'android.view.ViewGroup' and (@text = '' or . = '')]"}[39m
[35m[HTTP][39m [37m<-- POST /wd/hub/session/8eebb736-b138-45b5-bb2f-9998ee53d206/elements [39m[32m200[39m [90m358 ms - 3851[39m
[35m[HTTP][39m [90m[39m
[35m[HTTP][39m [37m-->[39m [37mPOST[39m [37m/wd/hub/session/8eebb736-b138-45b5-bb2f-9998ee53d206/elements[39m
[35m[HTTP][39m [90m{"using":"-android uiautomator","value":"new UiSelector().className(\"android.view.ViewGroup\")"}[39m
[35m[HTTP][39m [37m<-- POST /wd/hub/session/8eebb736-b138-45b5-bb2f-9998ee53d206/elements [39m[32m200[39m [90m1070 ms - 3851[39m
[35m[HTTP][39m [90m[39m
[35m[HTTP][39m [37m-->[39m [37mGET[39m [37m/wd/hub/session/8eebb736-b138-45b5-bb2f-9998ee53d206/window/rect[39m
[35m[HTTP][39m [90m{}[39m
[35m[HTTP][39m [37m<-- GET /wd/hub/session/8eebb736-b138-45b5-bb2f-9998ee53d206/window/rect [39m[32m200[39m [90m24 ms - 49[39m
[35m[HTTP][39m [90m[39m
[35m[HTTP][39m [37m-->[39m [37mPOST[39m [37m/wd/hub/session/8eebb736-b138-45b5-bb2f-9998ee53d206/elements[39m
[35m[HTTP][39m [90m{"using":"xpath","value":"//hierarchy/android.widget.FrameLayout[1]/android.widget.LinearLayout[1]/android.widget.FrameLayout[1]/android.widget.LinearLayout[1]/android.widget.FrameLayout[1]/android.widget.FrameLayout[1]/android.view.ViewGroup[1]/android.view.ViewGroup[2]/android.view.ViewGroup[1]/android.view.ViewGroup[1]/android.view.ViewGroup[1]/android.view.ViewGroup[1]/android.view.ViewGroup[1]/android.view.ViewGroup[1]/android.view.ViewGroup[1]/android.widget.ScrollView[1]/android.view.ViewGroup[1]/android.view.ViewGroup[2]/android.view.ViewGroup[1]/android.view.ViewGroup[1]"}[39m
[35m[HTTP][39m [37m<-- POST /wd/hub/session/8eebb736-b138-45b5-bb2f-9998ee53d206/elements [39m[32m200[39m [90m190 ms - 139[39m
[35m[HTTP][39m [90m[39m
[35m[HTTP][39m [37m-->[39m [37mGET[39m [37m/wd/hub/session/8eebb736-b138-45b5-bb2f-9998ee53d206/element/00000000-0000-0053-ffff-ffff000000bc/location[39m
[35m[HTTP][39m [90m{}[39m
[35m[W3C (8eebb736)][39m Driver proxy active, passing request on via HTTP proxy
[35m[WD Proxy][39m Replacing sessionId 43182f23-ca4c-48aa-aee2-058407a408e7 with 8eebb736-b138-45b5-bb2f-9998ee53d206
[35m[HTTP][39m [37m<-- GET /wd/hub/session/8eebb736-b138-45b5-bb2f-9998ee53d206/element/00000000-0000-0053-ffff-ffff000000bc/location [39m[32m200[39m [90m30 ms - 77[39m
[35m[HTTP][39m [90m[39m
[35m[HTTP][39m [37m-->[39m [37mPOST[39m [37m/wd/hub/session/8eebb736-b138-45b5-bb2f-9998ee53d206/element/00000000-0000-0053-ffff-ffff000000bc/click[39m
[35m[HTTP][39m [90m{"id":"00000000-0000-0053-ffff-ffff000000bc"}[39m
[35m[HTTP][39m [37m<-- POST /wd/hub/session/8eebb736-b138-45b5-bb2f-9998ee53d206/element/00000000-0000-0053-ffff-ffff000000bc/click [39m[32m200[39m [90m56 ms - 14[39m
[35m[HTTP][39m [90m[39m
[35m[HTTP][39m [37m-->[39m [37mGET[39m [37m/wd/hub/session/8eebb736-b138-45b5-bb2f-9998ee53d206/source[39m
[35m[HTTP][39m [90m{}[39m
[35m[W3C (8eebb736)][39m Driver proxy active, passing request on via HTTP proxy
[35m[WD Proxy][39m Replacing sessionId 43182f23-ca4c-48aa-aee2-058407a408e7 with 8eebb736-b138-45b5-bb2f-9998ee53d206
[35m[HTTP][39m [37m<-- GET /wd/hub/session/8eebb736-b138-45b5-bb2f-9998ee53d206/source [39m[32m200[39m [90m1826 ms - 14052[39m
[35m[HTTP][39m [90m[39m
[35m[HTTP][39m [37m-->[39m [37mGET[39m [37m/wd/hub/session/8eebb736-b138-45b5-bb2f-9998ee53d206/screenshot[39m
[35m[HTTP][39m [90m{}[39m
[35m[HTTP][39m [37m<-- GET /wd/hub/session/8eebb736-b138-45b5-bb2f-9998ee53d206/screenshot [39m[32m200[39m [90m299 ms - 35334[39m
[35m[HTTP][39m [90m[39m
[35m[HTTP][39m [37m-->[39m [37mGET[39m [37m/wd/hub/session/8eebb736-b138-45b5-bb2f-9998ee53d206/source[39m
[35m[HTTP][39m [90m{}[39m
[35m[W3C (8eebb736)][39m Driver proxy active, passing request on via HTTP proxy
[35m[WD Proxy][39m Replacing sessionId 43182f23-ca4c-48aa-aee2-058407a408e7 with 8eebb736-b138-45b5-bb2f-9998ee53d206
[35m[HTTP][39m [37m<-- GET /wd/hub/session/8eebb736-b138-45b5-bb2f-9998ee53d206/source [39m[32m200[39m [90m554 ms - 57686[39m
[35m[HTTP][39m [90m[39m
[35m[HTTP][39m [37m-->[39m [37mGET[39m [37m/wd/hub/session/8eebb736-b138-45b5-bb2f-9998ee53d206/screenshot[39m
[35m[HTTP][39m [90m{}[39m
[35m[HTTP][39m [37m<-- GET /wd/hub/session/8eebb736-b138-45b5-bb2f-9998ee53d206/screenshot [39m[32m200[39m [90m575 ms - 502662[39m
[35m[HTTP][39m [90m[39m
[35m[HTTP][39m [37m-->[39m [37mGET[39m [37m/wd/hub/session/8eebb736-b138-45b5-bb2f-9998ee53d206/context[39m
[35m[HTTP][39m [90m{}[39m
[35m[HTTP][39m [37m<-- GET /wd/hub/session/8eebb736-b138-45b5-bb2f-9998ee53d206/context [39m[32m200[39m [90m3 ms - 22[39m
[35m[HTTP][39m [90m[39m
[35m[HTTP][39m [37m-->[39m [37mGET[39m [37m/wd/hub/session/8eebb736-b138-45b5-bb2f-9998ee53d206/contexts[39m
[35m[HTTP][39m [90m{}[39m
[35m[HTTP][39m [37m<-- GET /wd/hub/session/8eebb736-b138-45b5-bb2f-9998ee53d206/contexts [39m[32m200[39m [90m238 ms - 41[39m
[35m[HTTP][39m [90m[39m
[35m[HTTP][39m [37m-->[39m [37mPOST[39m [37m/wd/hub/session/8eebb736-b138-45b5-bb2f-9998ee53d206/context[39m
[35m[HTTP][39m [90m{"name":"NATIVE_APP"}[39m
[35m[HTTP][39m [37m<-- POST /wd/hub/session/8eebb736-b138-45b5-bb2f-9998ee53d206/context [39m[32m200[39m [90m3 ms - 14[39m
[35m[HTTP][39m [90m[39m
[35m[HTTP][39m [37m-->[39m [37mPOST[39m [37m/wd/hub/session/8eebb736-b138-45b5-bb2f-9998ee53d206/touch/perform[39m
[35m[HTTP][39m [90m{"actions":[{"action":"press","options":{"x":0,"y":0}},{"action":"wait","options":{"ms":500}},{"action":"moveTo","options":{"x":0,"y":-1}},{"action":"release","options":{}}]}[39m
[35m[HTTP][39m [37m<-- POST /wd/hub/session/8eebb736-b138-45b5-bb2f-9998ee53d206/touch/perform [39m[32m200[39m [90m1041 ms - 14[39m
[35m[HTTP][39m [90m[39m
[35m[HTTP][39m [37m-->[39m [37mPOST[39m [37m/wd/hub/session/8eebb736-b138-45b5-bb2f-9998ee53d206/context[39m
[35m[HTTP][39m [90m{"name":"NATIVE_APP"}[39m
[35m[HTTP][39m [37m<-- POST /wd/hub/session/8eebb736-b138-45b5-bb2f-9998ee53d206/context [39m[32m200[39m [90m2 ms - 14[39m
[35m[HTTP][39m [90m[39m
[35m[HTTP][39m [37m-->[39m [37mGET[39m [37m/wd/hub/session/8eebb736-b138-45b5-bb2f-9998ee53d206/source[39m
[35m[HTTP][39m [90m{}[39m
[35m[W3C (8eebb736)][39m Driver proxy active, passing request on via HTTP proxy
[35m[WD Proxy][39m Replacing sessionId 43182f23-ca4c-48aa-aee2-058407a408e7 with 8eebb736-b138-45b5-bb2f-9998ee53d206
[35m[HTTP][39m [37m<-- GET /wd/hub/session/8eebb736-b138-45b5-bb2f-9998ee53d206/source [39m[32m200[39m [90m720 ms - 57686[39m
[35m[HTTP][39m [90m[39m
[35m[HTTP][39m [37m-->[39m [37mGET[39m [37m/wd/hub/session/8eebb736-b138-45b5-bb2f-9998ee53d206/screenshot[39m
[35m[HTTP][39m [90m{}[39m
[35m[HTTP][39m [37m<-- GET /wd/hub/session/8eebb736-b138-45b5-bb2f-9998ee53d206/screenshot [39m[32m200[39m [90m533 ms - 502428[39m
[35m[HTTP][39m [90m[39m
[35m[HTTP][39m [37m-->[39m [37mGET[39m [37m/wd/hub/session/8eebb736-b138-45b5-bb2f-9998ee53d206/context[39m
[35m[HTTP][39m [90m{}[39m
[35m[HTTP][39m [37m<-- GET /wd/hub/session/8eebb736-b138-45b5-bb2f-9998ee53d206/context [39m[32m200[39m [90m2 ms - 22[39m
[35m[HTTP][39m [90m[39m
[35m[HTTP][39m [37m-->[39m [37mGET[39m [37m/wd/hub/session/8eebb736-b138-45b5-bb2f-9998ee53d206/contexts[39m
[35m[HTTP][39m [90m{}[39m
[35m[HTTP][39m [37m<-- GET /wd/hub/session/8eebb736-b138-45b5-bb2f-9998ee53d206/contexts [39m[32m200[39m [90m214 ms - 41[39m
[35m[HTTP][39m [90m[39m
[35m[HTTP][39m [37m-->[39m [37mPOST[39m [37m/wd/hub/session/8eebb736-b138-45b5-bb2f-9998ee53d206/context[39m
[35m[HTTP][39m [90m{"name":"NATIVE_APP"}[39m
[35m[HTTP][39m [37m<-- POST /wd/hub/session/8eebb736-b138-45b5-bb2f-9998ee53d206/context [39m[32m200[39m [90m2 ms - 14[39m
[35m[HTTP][39m [90m[39m
[35m[HTTP][39m [37m-->[39m [37mPOST[39m [37m/wd/hub/session/8eebb736-b138-45b5-bb2f-9998ee53d206/touch/perform[39m
[35m[HTTP][39m [90m{"actions":[{"action":"press","options":{"x":0,"y":0}},{"action":"wait","options":{"ms":500}},{"action":"moveTo","options":{"x":0,"y":-2}},{"action":"release","options":{}}]}[39m
[35m[HTTP][39m [37m<-- POST /wd/hub/session/8eebb736-b138-45b5-bb2f-9998ee53d206/touch/perform [39m[32m200[39m [90m1049 ms - 14[39m
[35m[HTTP][39m [90m[39m
[35m[HTTP][39m [37m-->[39m [37mPOST[39m [37m/wd/hub/session/8eebb736-b138-45b5-bb2f-9998ee53d206/context[39m
[35m[HTTP][39m [90m{"name":"NATIVE_APP"}[39m
[35m[HTTP][39m [37m<-- POST /wd/hub/session/8eebb736-b138-45b5-bb2f-9998ee53d206/context [39m[32m200[39m [90m2 ms - 14[39m
[35m[HTTP][39m [90m[39m
[35m[HTTP][39m [37m-->[39m [37mGET[39m [37m/wd/hub/session/8eebb736-b138-45b5-bb2f-9998ee53d206/source[39m
[35m[HTTP][39m [90m{}[39m
[35m[W3C (8eebb736)][39m Driver proxy active, passing request on via HTTP proxy
[35m[WD Proxy][39m Replacing sessionId 43182f23-ca4c-48aa-aee2-058407a408e7 with 8eebb736-b138-45b5-bb2f-9998ee53d206
[35m[HTTP][39m [37m<-- GET /wd/hub/session/8eebb736-b138-45b5-bb2f-9998ee53d206/source [39m[32m200[39m [90m647 ms - 57686[39m
[35m[HTTP][39m [90m[39m
[35m[HTTP][39m [37m-->[39m [37mGET[39m [37m/wd/hub/session/8eebb736-b138-45b5-bb2f-9998ee53d206/screenshot[39m
[35m[HTTP][39m [90m{}[39m
[35m[HTTP][39m [37m<-- GET /wd/hub/session/8eebb736-b138-45b5-bb2f-9998ee53d206/screenshot [39m[32m200[39m [90m619 ms - 502562[39m
[35m[HTTP][39m [90m[39m
[35m[HTTP][39m [37m-->[39m [37mGET[39m [37m/wd/hub/session/8eebb736-b138-45b5-bb2f-9998ee53d206/context[39m
[35m[HTTP][39m [90m{}[39m
[35m[HTTP][39m [37m<-- GET /wd/hub/session/8eebb736-b138-45b5-bb2f-9998ee53d206/context [39m[32m200[39m [90m2 ms - 22[39m
[35m[HTTP][39m [90m[39m
[35m[HTTP][39m [37m-->[39m [37mGET[39m [37m/wd/hub/session/8eebb736-b138-45b5-bb2f-9998ee53d206/contexts[39m
[35m[HTTP][39m [90m{}[39m
[35m[HTTP][39m [37m<-- GET /wd/hub/session/8eebb736-b138-45b5-bb2f-9998ee53d206/contexts [39m[32m200[39m [90m218 ms - 41[39m
[35m[HTTP][39m [90m[39m
[35m[HTTP][39m [37m-->[39m [37mPOST[39m [37m/wd/hub/session/8eebb736-b138-45b5-bb2f-9998ee53d206/context[39m
[35m[HTTP][39m [90m{"name":"NATIVE_APP"}[39m
[35m[HTTP][39m [37m<-- POST /wd/hub/session/8eebb736-b138-45b5-bb2f-9998ee53d206/context [39m[32m200[39m [90m2 ms - 14[39m
[35m[HTTP][39m [90m[39m
[35m[HTTP][39m [37m-->[39m [37mPOST[39m [37m/wd/hub/session/8eebb736-b138-45b5-bb2f-9998ee53d206/touch/perform[39m
[35m[HTTP][39m [90m{"actions":[{"action":"press","options":{"x":0,"y":5}},{"action":"wait","options":{"ms":500}},{"action":"moveTo","options":{"x":0,"y":0}},{"action":"release","options":{}}]}[39m
[35m[HTTP][39m [37m<-- POST /wd/hub/session/8eebb736-b138-45b5-bb2f-9998ee53d206/touch/perform [39m[32m200[39m [90m1031 ms - 14[39m
[35m[HTTP][39m [90m[39m
[35m[HTTP][39m [37m-->[39m [37mPOST[39m [37m/wd/hub/session/8eebb736-b138-45b5-bb2f-9998ee53d206/context[39m
[35m[HTTP][39m [90m{"name":"NATIVE_APP"}[39m
[35m[HTTP][39m [37m<-- POST /wd/hub/session/8eebb736-b138-45b5-bb2f-9998ee53d206/context [39m[32m200[39m [90m2 ms - 14[39m
[35m[HTTP][39m [90m[39m
[35m[HTTP][39m [37m-->[39m [37mGET[39m [37m/wd/hub/session/8eebb736-b138-45b5-bb2f-9998ee53d206/source[39m
[35m[HTTP][39m [90m{}[39m
[35m[W3C (8eebb736)][39m Driver proxy active, passing request on via HTTP proxy
[35m[WD Proxy][39m Replacing sessionId 43182f23-ca4c-48aa-aee2-058407a408e7 with 8eebb736-b138-45b5-bb2f-9998ee53d206
[35m[HTTP][39m [37m<-- GET /wd/hub/session/8eebb736-b138-45b5-bb2f-9998ee53d206/source [39m[32m200[39m [90m1031 ms - 57686[39m
[35m[HTTP][39m [90m[39m
[35m[HTTP][39m [37m-->[39m [37mGET[39m [37m/wd/hub/session/8eebb736-b138-45b5-bb2f-9998ee53d206/screenshot[39m
[35m[HTTP][39m [90m{}[39m
[35m[HTTP][39m [37m<-- GET /wd/hub/session/8eebb736-b138-45b5-bb2f-9998ee53d206/screenshot [39m[32m200[39m [90m564 ms - 502488[39m
[35m[HTTP][39m [90m[39m
[35m[HTTP][39m [37m-->[39m [37mGET[39m [37m/wd/hub/session/8eebb736-b138-45b5-bb2f-9998ee53d206/context[39m
[35m[HTTP][39m [90m{}[39m
[35m[HTTP][39m [37m<-- GET /wd/hub/session/8eebb736-b138-45b5-bb2f-9998ee53d206/context [39m[32m200[39m [90m2 ms - 22[39m
[35m[HTTP][39m [90m[39m
[35m[HTTP][39m [37m-->[39m [37mGET[39m [37m/wd/hub/session/8eebb736-b138-45b5-bb2f-9998ee53d206/contexts[39m
[35m[HTTP][39m [90m{}[39m
[35m[HTTP][39m [37m<-- GET /wd/hub/session/8eebb736-b138-45b5-bb2f-9998ee53d206/contexts [39m[32m200[39m [90m223 ms - 41[39m
[35m[HTTP][39m [90m[39m
[35m[HTTP][39m [37m-->[39m [37mPOST[39m [37m/wd/hub/session/8eebb736-b138-45b5-bb2f-9998ee53d206/context[39m
[35m[HTTP][39m [90m{"name":"NATIVE_APP"}[39m
[35m[HTTP][39m [37m<-- POST /wd/hub/session/8eebb736-b138-45b5-bb2f-9998ee53d206/context [39m[32m200[39m [90m3 ms - 14[39m
[35m[HTTP][39m [90m[39m
[35m[HTTP][39m [37m-->[39m [37mPOST[39m [37m/wd/hub/session/8eebb736-b138-45b5-bb2f-9998ee53d206/touch/perform[39m
[35m[HTTP][39m [90m{"actions":[{"action":"press","options":{"x":0,"y":0}},{"action":"wait","options":{"ms":500}},{"action":"moveTo","options":{"x":5,"y":0}},{"action":"release","options":{}}]}[39m
[35m[HTTP][39m [37m<-- POST /wd/hub/session/8eebb736-b138-45b5-bb2f-9998ee53d206/touch/perform [39m[32m200[39m [90m1040 ms - 14[39m
[35m[HTTP][39m [90m[39m
[35m[HTTP][39m [37m-->[39m [37mPOST[39m [37m/wd/hub/session/8eebb736-b138-45b5-bb2f-9998ee53d206/context[39m
[35m[HTTP][39m [90m{"name":"NATIVE_APP"}[39m
[35m[HTTP][39m [37m<-- POST /wd/hub/session/8eebb736-b138-45b5-bb2f-9998ee53d206/context [39m[32m200[39m [90m2 ms - 14[39m
[35m[HTTP][39m [90m[39m
[35m[HTTP][39m [37m-->[39m [37mGET[39m [37m/wd/hub/session/8eebb736-b138-45b5-bb2f-9998ee53d206/source[39m
[35m[HTTP][39m [90m{}[39m
[35m[W3C (8eebb736)][39m Driver proxy active, passing request on via HTTP proxy
[35m[WD Proxy][39m Replacing sessionId 43182f23-ca4c-48aa-aee2-058407a408e7 with 8eebb736-b138-45b5-bb2f-9998ee53d206
[35m[HTTP][39m [37m<-- GET /wd/hub/session/8eebb736-b138-45b5-bb2f-9998ee53d206/source [39m[32m200[39m [90m659 ms - 57686[39m
[35m[HTTP][39m [90m[39m
[35m[HTTP][39m [37m-->[39m [37mGET[39m [37m/wd/hub/session/8eebb736-b138-45b5-bb2f-9998ee53d206/screenshot[39m
[35m[HTTP][39m [90m{}[39m
[35m[HTTP][39m [37m<-- GET /wd/hub/session/8eebb736-b138-45b5-bb2f-9998ee53d206/screenshot [39m[32m200[39m [90m621 ms - 502268[39m
[35m[HTTP][39m [90m[39m
[35m[HTTP][39m [37m-->[39m [37mGET[39m [37m/wd/hub/session/8eebb736-b138-45b5-bb2f-9998ee53d206/context[39m
[35m[HTTP][39m [90m{}[39m
[35m[HTTP][39m [37m<-- GET /wd/hub/session/8eebb736-b138-45b5-bb2f-9998ee53d206/context [39m[32m200[39m [90m2 ms - 22[39m
[35m[HTTP][39m [90m[39m
[35m[HTTP][39m [37m-->[39m [37mGET[39m [37m/wd/hub/session/8eebb736-b138-45b5-bb2f-9998ee53d206/contexts[39m
[35m[HTTP][39m [90m{}[39m
[35m[HTTP][39m [37m<-- GET /wd/hub/session/8eebb736-b138-45b5-bb2f-9998ee53d206/contexts [39m[32m200[39m [90m217 ms - 41[39m
[35m[HTTP][39m [90m[39m
[35m[HTTP][39m [37m-->[39m [37mPOST[39m [37m/wd/hub/session/8eebb736-b138-45b5-bb2f-9998ee53d206/context[39m
[35m[HTTP][39m [90m{"name":"NATIVE_APP"}[39m
[35m[HTTP][39m [37m<-- POST /wd/hub/session/8eebb736-b138-45b5-bb2f-9998ee53d206/context [39m[32m200[39m [90m2 ms - 14[39m
[35m[HTTP][39m [90m[39m
[35m[HTTP][39m [37m-->[39m [37mPOST[39m [37m/wd/hub/session/8eebb736-b138-45b5-bb2f-9998ee53d206/touch/perform[39m
[35m[HTTP][39m [90m{"actions":[{"action":"press","options":{"x":5,"y":0}},{"action":"wait","options":{"ms":500}},{"action":"moveTo","options":{"x":0,"y":0}},{"action":"release","options":{}}]}[39m
[35m[HTTP][39m [37m<-- POST /wd/hub/session/8eebb736-b138-45b5-bb2f-9998ee53d206/touch/perform [39m[32m200[39m [90m1039 ms - 14[39m
[35m[HTTP][39m [90m[39m
[35m[HTTP][39m [37m-->[39m [37mPOST[39m [37m/wd/hub/session/8eebb736-b138-45b5-bb2f-9998ee53d206/context[39m
[35m[HTTP][39m [90m{"name":"NATIVE_APP"}[39m
[35m[HTTP][39m [37m<-- POST /wd/hub/session/8eebb736-b138-45b5-bb2f-9998ee53d206/context [39m[32m200[39m [90m2 ms - 14[39m
[35m[HTTP][39m [90m[39m
[35m[HTTP][39m [37m-->[39m [37mGET[39m [37m/wd/hub/session/8eebb736-b138-45b5-bb2f-9998ee53d206/source[39m
[35m[HTTP][39m [90m{}[39m
[35m[W3C (8eebb736)][39m Driver proxy active, passing request on via HTTP proxy
[35m[WD Proxy][39m Replacing sessionId 43182f23-ca4c-48aa-aee2-058407a408e7 with 8eebb736-b138-45b5-bb2f-9998ee53d206
[35m[HTTP][39m [37m<-- GET /wd/hub/session/8eebb736-b138-45b5-bb2f-9998ee53d206/source [39m[32m200[39m [90m769 ms - 57686[39m
[35m[HTTP][39m [90m[39m
[35m[HTTP][39m [37m-->[39m [37mGET[39m [37m/wd/hub/session/8eebb736-b138-45b5-bb2f-9998ee53d206/screenshot[39m
[35m[HTTP][39m [90m{}[39m
[35m[HTTP][39m [37m<-- GET /wd/hub/session/8eebb736-b138-45b5-bb2f-9998ee53d206/screenshot [39m[32m200[39m [90m583 ms - 502198[39m
[35m[HTTP][39m [90m[39m
[35m[HTTP][39m [37m-->[39m [37mGET[39m [37m/wd/hub/session/8eebb736-b138-45b5-bb2f-9998ee53d206/context[39m
[35m[HTTP][39m [90m{}[39m
[35m[HTTP][39m [37m<-- GET /wd/hub/session/8eebb736-b138-45b5-bb2f-9998ee53d206/context [39m[32m200[39m [90m2 ms - 22[39m
[35m[HTTP][39m [90m[39m
[35m[HTTP][39m [37m-->[39m [37mGET[39m [37m/wd/hub/session/8eebb736-b138-45b5-bb2f-9998ee53d206/contexts[39m
[35m[HTTP][39m [90m{}[39m
[35m[HTTP][39m [37m<-- GET /wd/hub/session/8eebb736-b138-45b5-bb2f-9998ee53d206/contexts [39m[32m200[39m [90m249 ms - 41[39m
[35m[HTTP][39m [90m[39m
[35m[HTTP][39m [37m-->[39m [37mPOST[39m [37m/wd/hub/session/8eebb736-b138-45b5-bb2f-9998ee53d206/context[39m
[35m[HTTP][39m [90m{"name":"NATIVE_APP"}[39m
[35m[HTTP][39m [37m<-- POST /wd/hub/session/8eebb736-b138-45b5-bb2f-9998ee53d206/context [39m[32m200[39m [90m2 ms - 14[39m
[35m[HTTP][39m [90m[39m
[35m[HTTP][39m [37m-->[39m [37mPOST[39m [37m/wd/hub/session/8eebb736-b138-45b5-bb2f-9998ee53d206/touch/perform[39m
[35m[HTTP][39m [90m{"actions":[{"action":"press","options":{"x":0,"y":2}},{"action":"wait","options":{"ms":500}},{"action":"moveTo","options":{"x":0,"y":10}},{"action":"release","options":{}}]}[39m
[35m[HTTP][39m [37m<-- POST /wd/hub/session/8eebb736-b138-45b5-bb2f-9998ee53d206/touch/perform [39m[32m200[39m [90m1033 ms - 14[39m
[35m[HTTP][39m [90m[39m
[35m[HTTP][39m [37m-->[39m [37mPOST[39m [37m/wd/hub/session/8eebb736-b138-45b5-bb2f-9998ee53d206/context[39m
[35m[HTTP][39m [90m{"name":"NATIVE_APP"}[39m
[35m[HTTP][39m [37m<-- POST /wd/hub/session/8eebb736-b138-45b5-bb2f-9998ee53d206/context [39m[32m200[39m [90m2 ms - 14[39m
[35m[HTTP][39m [90m[39m
[35m[HTTP][39m [37m-->[39m [37mGET[39m [37m/wd/hub/session/8eebb736-b138-45b5-bb2f-9998ee53d206/source[39m
[35m[HTTP][39m [90m{}[39m
[35m[W3C (8eebb736)][39m Driver proxy active, passing request on via HTTP proxy
[35m[WD Proxy][39m Replacing sessionId 43182f23-ca4c-48aa-aee2-058407a408e7 with 8eebb736-b138-45b5-bb2f-9998ee53d206
[35m[HTTP][39m [37m<-- GET /wd/hub/session/8eebb736-b138-45b5-bb2f-9998ee53d206/source [39m[32m200[39m [90m778 ms - 57686[39m
[35m[HTTP][39m [90m[39m
[35m[HTTP][39m [37m-->[39m [37mGET[39m [37m/wd/hub/session/8eebb736-b138-45b5-bb2f-9998ee53d206/screenshot[39m
[35m[HTTP][39m [90m{}[39m
[35m[HTTP][39m [37m<-- GET /wd/hub/session/8eebb736-b138-45b5-bb2f-9998ee53d206/screenshot [39m[32m200[39m [90m578 ms - 502190[39m
[35m[HTTP][39m [90m[39m
[35m[HTTP][39m [37m-->[39m [37mPOST[39m [37m/wd/hub/session/8eebb736-b138-45b5-bb2f-9998ee53d206/elements[39m
[35m[HTTP][39m [90m{"using":"xpath","value":"//*[@class = 'android.widget.Image' and (@text = 'Block illustration' or . = 'Block illustration')]"}[39m
[35m[HTTP][39m [37m<-- POST /wd/hub/session/8eebb736-b138-45b5-bb2f-9998ee53d206/elements [39m[32m200[39m [90m508 ms - 1291[39m
[35m[HTTP][39m [90m[39m
[35m[HTTP][39m [37m-->[39m [37mPOST[39m [37m/wd/hub/session/8eebb736-b138-45b5-bb2f-9998ee53d206/elements[39m
[35m[HTTP][39m [90m{"using":"-android uiautomator","value":"new UiSelector().className(\"android.widget.Image\").text(\"Block illustration\")"}[39m
[35m[HTTP][39m [37m<-- POST /wd/hub/session/8eebb736-b138-45b5-bb2f-9998ee53d206/elements [39m[32m200[39m [90m528 ms - 1291[39m
[35m[HTTP][39m [90m[39m
[35m[HTTP][39m [37m-->[39m [37mGET[39m [37m/wd/hub/session/8eebb736-b138-45b5-bb2f-9998ee53d206/window/rect[39m
[35m[HTTP][39m [90m{}[39m
[35m[HTTP][39m [37m<-- GET /wd/hub/session/8eebb736-b138-45b5-bb2f-9998ee53d206/window/rect [39m[32m200[39m [90m20 ms - 49[39m
[35m[HTTP][39m [90m[39m
[35m[HTTP][39m [37m-->[39m [37mPOST[39m [37m/wd/hub/session/8eebb736-b138-45b5-bb2f-9998ee53d206/elements[39m
[35m[HTTP][39m [90m{"using":"xpath","value":"//hierarchy/android.widget.FrameLayout[1]/android.widget.LinearLayout[1]/android.widget.FrameLayout[1]/android.widget.FrameLayout[1]/android.widget.FrameLayout[1]/android.view.ViewGroup[1]/android.widget.FrameLayout[1]/android.widget.FrameLayout[2]/android.webkit.WebView[1]/android.view.View[1]/android.view.View[1]/android.view.View[2]/android.view.View[1]/android.view.View[1]/android.view.View[1]/android.view.View[1]/android.view.View[1]/android.view.View[1]/android.view.View[1]/android.view.View[1]/android.widget.Image[1]"}[39m
[35m[HTTP][39m [37m<-- POST /wd/hub/session/8eebb736-b138-45b5-bb2f-9998ee53d206/elements [39m[32m200[39m [90m362 ms - 139[39m
[35m[HTTP][39m [90m[39m
[35m[HTTP][39m [37m-->[39m [37mGET[39m [37m/wd/hub/session/8eebb736-b138-45b5-bb2f-9998ee53d206/element/00000000-0000-0066-0000-006e00000048/location[39m
[35m[HTTP][39m [90m{}[39m
[35m[W3C (8eebb736)][39m Driver proxy active, passing request on via HTTP proxy
[35m[WD Proxy][39m Replacing sessionId 43182f23-ca4c-48aa-aee2-058407a408e7 with 8eebb736-b138-45b5-bb2f-9998ee53d206
[35m[HTTP][39m [37m<-- GET /wd/hub/session/8eebb736-b138-45b5-bb2f-9998ee53d206/element/00000000-0000-0066-0000-006e00000048/location [39m[32m200[39m [90m27 ms - 77[39m
[35m[HTTP][39m [90m[39m
[35m[HTTP][39m [37m-->[39m [37mGET[39m [37m/wd/hub/session/8eebb736-b138-45b5-bb2f-9998ee53d206/element/00000000-0000-0066-0000-006e00000048/text[39m
[35m[HTTP][39m [90m{}[39m
[35m[W3C (8eebb736)][39m Driver proxy active, passing request on via HTTP proxy
[35m[WD Proxy][39m Replacing sessionId 43182f23-ca4c-48aa-aee2-058407a408e7 with 8eebb736-b138-45b5-bb2f-9998ee53d206
[35m[HTTP][39m [37m<-- GET /wd/hub/session/8eebb736-b138-45b5-bb2f-9998ee53d206/element/00000000-0000-0066-0000-006e00000048/text [39m[32m200[39m [90m27 ms - 81[39m
[35m[HTTP][39m [90m[39m
[35m[HTTP][39m [37m-->[39m [37mPOST[39m [37m/wd/hub/session/8eebb736-b138-45b5-bb2f-9998ee53d206/elements[39m
[35m[HTTP][39m [90m{"using":"xpath","value":"//*[@class = 'android.widget.Image' and (@text = 'Block illustration' or . = 'Block illustration')]"}[39m
[35m[HTTP][39m [37m<-- POST /wd/hub/session/8eebb736-b138-45b5-bb2f-9998ee53d206/elements [39m[32m200[39m [90m487 ms - 1291[39m
[35m[HTTP][39m [90m[39m
[35m[HTTP][39m [37m-->[39m [37mPOST[39m [37m/wd/hub/session/8eebb736-b138-45b5-bb2f-9998ee53d206/elements[39m
[35m[HTTP][39m [90m{"using":"-android uiautomator","value":"new UiSelector().className(\"android.widget.Image\").text(\"Block illustration\")"}[39m
[35m[HTTP][39m [37m<-- POST /wd/hub/session/8eebb736-b138-45b5-bb2f-9998ee53d206/elements [39m[32m200[39m [90m524 ms - 1291[39m
[35m[HTTP][39m [90m[39m
[35m[HTTP][39m [37m-->[39m [37mGET[39m [37m/wd/hub/session/8eebb736-b138-45b5-bb2f-9998ee53d206/window/rect[39m
[35m[HTTP][39m [90m{}[39m
[35m[HTTP][39m [37m<-- GET /wd/hub/session/8eebb736-b138-45b5-bb2f-9998ee53d206/window/rect [39m[32m200[39m [90m20 ms - 49[39m
[35m[HTTP][39m [90m[39m
[35m[HTTP][39m [37m-->[39m [37mPOST[39m [37m/wd/hub/session/8eebb736-b138-45b5-bb2f-9998ee53d206/elements[39m
[35m[HTTP][39m [90m{"using":"xpath","value":"//hierarchy/android.widget.FrameLayout[1]/android.widget.LinearLayout[1]/android.widget.FrameLayout[1]/android.widget.FrameLayout[1]/android.widget.FrameLayout[1]/android.view.ViewGroup[1]/android.widget.FrameLayout[1]/android.widget.FrameLayout[2]/android.webkit.WebView[1]/android.view.View[1]/android.view.View[1]/android.view.View[2]/android.view.View[1]/android.view.View[2]/android.view.View[1]/android.view.View[1]/android.view.View[1]/android.view.View[1]/android.view.View[1]/android.view.View[1]/android.widget.Image[1]"}[39m
[35m[HTTP][39m [37m<-- POST /wd/hub/session/8eebb736-b138-45b5-bb2f-9998ee53d206/elements [39m[32m200[39m [90m325 ms - 139[39m
[35m[HTTP][39m [90m[39m
[35m[HTTP][39m [37m-->[39m [37mGET[39m [37m/wd/hub/session/8eebb736-b138-45b5-bb2f-9998ee53d206/element/00000000-0000-0066-0000-007a00000048/location[39m
[35m[HTTP][39m [90m{}[39m
[35m[W3C (8eebb736)][39m Driver proxy active, passing request on via HTTP proxy
[35m[WD Proxy][39m Replacing sessionId 43182f23-ca4c-48aa-aee2-058407a408e7 with 8eebb736-b138-45b5-bb2f-9998ee53d206
[35m[HTTP][39m [37m<-- GET /wd/hub/session/8eebb736-b138-45b5-bb2f-9998ee53d206/element/00000000-0000-0066-0000-007a00000048/location [39m[32m200[39m [90m23 ms - 78[39m
[35m[HTTP][39m [90m[39m
[35m[HTTP][39m [37m-->[39m [37mGET[39m [37m/wd/hub/session/8eebb736-b138-45b5-bb2f-9998ee53d206/element/00000000-0000-0066-0000-007a00000048/text[39m
[35m[HTTP][39m [90m{}[39m
[35m[W3C (8eebb736)][39m Driver proxy active, passing request on via HTTP proxy
[35m[WD Proxy][39m Replacing sessionId 43182f23-ca4c-48aa-aee2-058407a408e7 with 8eebb736-b138-45b5-bb2f-9998ee53d206
[35m[HTTP][39m [37m<-- GET /wd/hub/session/8eebb736-b138-45b5-bb2f-9998ee53d206/element/00000000-0000-0066-0000-007a00000048/text [39m[32m200[39m [90m21 ms - 81[39m
[35m[HTTP][39m [90m[39m
[35m[HTTP][39m [37m-->[39m [37mDELETE[39m [37m/wd/hub/session/8eebb736-b138-45b5-bb2f-9998ee53d206[39m
[35m[HTTP][39m [90m{}[39m
[35m[Appium][39m Removing session 8eebb736-b138-45b5-bb2f-9998ee53d206 from our master session list
[35m[UiAutomator2][39m Restoring hidden api policy to the device default configuration
[35m[HTTP][39m [37m<-- DELETE /wd/hub/session/8eebb736-b138-45b5-bb2f-9998ee53d206 [39m[32m200[39m [90m505 ms - 14[39m
[35m[HTTP][39m [90m[39m
